<?xml version="1.0" encoding="UTF-8"?>
<testsuites>
  <testsuite id="0" name="/Users/21059899/learning/warehouse/app/containers/App/App.container.snap.test.js" errors="0" package="/Users/21059899/learning/warehouse/app/containers/App/App.container.snap.test.js" hostname="localhost" tests="1" failures="0" time="2.117" timestamp="2023-05-19T21:46:20">
    <properties>
    </properties>
    <testcase classname="Test Container" name="snapshoot" time="0">
    </testcase>
    <system-out/>
    <system-err/>
  </testsuite>
</testsuites>